Using pre-set license
Built from '2021.3/staging' branch; Version is '2021.3.21f1 (1b156197d683) revision 1774945'; Using compiler version '192829333'; Build Type 'Release'
OS: 'Windows 11  (10.0.22621) 64bit Professional' Language: 'es' Physical Memory: 16301 MB
BatchMode: 1, IsHumanControllingUs: 0, StartBugReporterOnCrash: 0, Is64bit: 1, IsPro: 1

COMMAND LINE ARGUMENTS:
C:\Program Files\Unity\Hub\Editor\2021.3.21f1\Editor\Unity.exe
-adb2
-batchMode
-noUpm
-name
AssetImportWorker1
-projectPath
C:/Users/desbl/Desktop/Green Nexus/Green Nexus
-logFile
Logs/AssetImportWorker1.log
-srvPort
56138
Successfully changed project path to: C:/Users/desbl/Desktop/Green Nexus/Green Nexus
C:/Users/desbl/Desktop/Green Nexus/Green Nexus
[UnityMemory] Configuration Parameters - Can be set up in boot.config
    "memorysetup-bucket-allocator-granularity=16"
    "memorysetup-bucket-allocator-bucket-count=8"
    "memorysetup-bucket-allocator-block-size=33554432"
    "memorysetup-bucket-allocator-block-count=8"
    "memorysetup-main-allocator-block-size=16777216"
    "memorysetup-thread-allocator-block-size=16777216"
    "memorysetup-gfx-main-allocator-block-size=16777216"
    "memorysetup-gfx-thread-allocator-block-size=16777216"
    "memorysetup-cache-allocator-block-size=4194304"
    "memorysetup-typetree-allocator-block-size=2097152"
    "memorysetup-profiler-bucket-allocator-granularity=16"
    "memorysetup-profiler-bucket-allocator-bucket-count=8"
    "memorysetup-profiler-bucket-allocator-block-size=33554432"
    "memorysetup-profiler-bucket-allocator-block-count=8"
    "memorysetup-profiler-allocator-block-size=16777216"
    "memorysetup-profiler-editor-allocator-block-size=1048576"
    "memorysetup-temp-allocator-size-main=16777216"
    "memorysetup-job-temp-allocator-block-size=2097152"
    "memorysetup-job-temp-allocator-block-size-background=1048576"
    "memorysetup-job-temp-allocator-reduction-small-platforms=262144"
    "memorysetup-temp-allocator-size-background-worker=32768"
    "memorysetup-temp-allocator-size-job-worker=262144"
    "memorysetup-temp-allocator-size-preload-manager=33554432"
    "memorysetup-temp-allocator-size-nav-mesh-worker=65536"
    "memorysetup-temp-allocator-size-audio-worker=65536"
    "memorysetup-temp-allocator-size-cloud-worker=32768"
    "memorysetup-temp-allocator-size-gi-baking-worker=262144"
    "memorysetup-temp-allocator-size-gfx=262144"
Player connection [28204] Host "[IP] 192.168.56.1 [Port] 0 [Flags] 2 [Guid] 3456121306 [EditorId] 3456121306 [Version] 1048832 [Id] WindowsEditor(7,DESKTOP-FGEFCGI) [Debug] 1 [PackageName] WindowsEditor [ProjectName] Editor" joined multi-casting on [225.0.0.222:54997]...

Player connection [28204] Host "[IP] 192.168.56.1 [Port] 0 [Flags] 2 [Guid] 3456121306 [EditorId] 3456121306 [Version] 1048832 [Id] WindowsEditor(7,DESKTOP-FGEFCGI) [Debug] 1 [PackageName] WindowsEditor [ProjectName] Editor" joined alternative multi-casting on [225.0.0.222:34997]...

Refreshing native plugins compatible for Editor in 471.65 ms, found 6 plugins.
Preloading 2 native plugins for Editor in 14.34 ms.
Initialize engine version: 2021.3.21f1 (1b156197d683)
[Subsystems] Discovering subsystems at path C:/Program Files/Unity/Hub/Editor/2021.3.21f1/Editor/Data/Resources/UnitySubsystems
[Subsystems] Discovering subsystems at path C:/Users/desbl/Desktop/Green Nexus/Green Nexus/Assets
GfxDevice: creating device client; threaded=0; jobified=0
Direct3D:
    Version:  Direct3D 11.0 [level 11.1]
    Renderer: Intel(R) UHD Graphics 620 (ID=0x5917)
    Vendor:   Intel
    VRAM:     8150 MB
    Driver:   30.0.101.1340
Initialize mono
Mono path[0] = 'C:/Program Files/Unity/Hub/Editor/2021.3.21f1/Editor/Data/Managed'
Mono path[1] = 'C:/Program Files/Unity/Hub/Editor/2021.3.21f1/Editor/Data/MonoBleedingEdge/lib/mono/unityjit-win32'
Mono config path = 'C:/Program Files/Unity/Hub/Editor/2021.3.21f1/Editor/Data/MonoBleedingEdge/etc'
Using monoOptions --debugger-agent=transport=dt_socket,embedding=1,server=y,suspend=n,address=127.0.0.1:56920
Begin MonoManager ReloadAssembly
Registering precompiled unity dll's ...
Register platform support module: C:/Program Files/Unity/Hub/Editor/2021.3.21f1/Editor/Data/PlaybackEngines/WebGLSupport/UnityEditor.WebGL.Extensions.dll
Register platform support module: C:/Program Files/Unity/Hub/Editor/2021.3.21f1/Editor/Data/PlaybackEngines/AndroidPlayer/UnityEditor.Android.Extensions.dll
Register platform support module: C:/Program Files/Unity/Hub/Editor/2021.3.21f1/Editor/Data/PlaybackEngines/WindowsStandaloneSupport/UnityEditor.WindowsStandalone.Extensions.dll
Registered in 0.034543 seconds.
Native extension for WindowsStandalone target not found
Native extension for Android target not found
Android Extension - Scanning For ADB Devices 1605 ms
Native extension for WebGL target not found
Refreshing native plugins compatible for Editor in 409.02 ms, found 6 plugins.
Preloading 2 native plugins for Editor in 0.47 ms.
Mono: successfully reloaded assembly
- Completed reload, in  6.415 seconds
Domain Reload Profiling:
	ReloadAssembly (6417ms)
		BeginReloadAssembly (955ms)
			ExecutionOrderSort (0ms)
			DisableScriptedObjects (0ms)
			BackupInstance (0ms)
			ReleaseScriptingObjects (0ms)
			CreateAndSetChildDomain (4ms)
		EndReloadAssembly (4720ms)
			LoadAssemblies (951ms)
			RebuildTransferFunctionScriptingTraits (1ms)
			SetupTypeCache (729ms)
			ReleaseScriptCaches (0ms)
			RebuildScriptCaches (268ms)
			SetupLoadedEditorAssemblies (3232ms)
				LogAssemblyErrors (0ms)
				InitializePlatformSupportModulesInManaged (2048ms)
				SetLoadedEditorAssemblies (2ms)
				RefreshPlugins (410ms)
				BeforeProcessingInitializeOnLoad (7ms)
				ProcessInitializeOnLoadAttributes (533ms)
				ProcessInitializeOnLoadMethodAttributes (232ms)
				AfterProcessingInitializeOnLoad (0ms)
				EditorAssembliesLoaded (0ms)
			ExecutionOrderSort2 (0ms)
			AwakeInstancesAfterBackupRestoration (0ms)
Platform modules already initialized, skipping
Registering precompiled user dll's ...
Registered in 0.045836 seconds.
Begin MonoManager ReloadAssembly
Native extension for WindowsStandalone target not found
Native extension for Android target not found
Native extension for WebGL target not found
Refreshing native plugins compatible for Editor in 2.18 ms, found 6 plugins.
Preloading 2 native plugins for Editor in 0.30 ms.
Mono: successfully reloaded assembly
- Completed reload, in  5.047 seconds
Domain Reload Profiling:
	ReloadAssembly (5051ms)
		BeginReloadAssembly (625ms)
			ExecutionOrderSort (0ms)
			DisableScriptedObjects (17ms)
			BackupInstance (0ms)
			ReleaseScriptingObjects (1ms)
			CreateAndSetChildDomain (176ms)
		EndReloadAssembly (3841ms)
			LoadAssemblies (430ms)
			RebuildTransferFunctionScriptingTraits (0ms)
			SetupTypeCache (1415ms)
			ReleaseScriptCaches (2ms)
			RebuildScriptCaches (295ms)
			SetupLoadedEditorAssemblies (1572ms)
				LogAssemblyErrors (0ms)
				InitializePlatformSupportModulesInManaged (94ms)
				SetLoadedEditorAssemblies (3ms)
				RefreshPlugins (3ms)
				BeforeProcessingInitializeOnLoad (336ms)
				ProcessInitializeOnLoadAttributes (1041ms)
				ProcessInitializeOnLoadMethodAttributes (80ms)
				AfterProcessingInitializeOnLoad (15ms)
				EditorAssembliesLoaded (0ms)
			ExecutionOrderSort2 (0ms)
			AwakeInstancesAfterBackupRestoration (23ms)
Platform modules already initialized, skipping
========================================================================
Worker process is ready to serve import requests
Launched and connected shader compiler UnityShaderCompiler.exe after 0.17 seconds
Refreshing native plugins compatible for Editor in 2.56 ms, found 6 plugins.
Preloading 2 native plugins for Editor in 0.85 ms.
Unloading 3030 Unused Serialized files (Serialized files now loaded: 0)
Unloading 44 unused Assets / (66.9 KB). Loaded Objects now: 3792.
Memory consumption went from 112.9 MB to 112.8 MB.
Total: 21.170800 ms (FindLiveObjects: 0.745900 ms CreateObjectMapping: 1.918400 ms MarkObjects: 17.969400 ms  DeleteObjects: 0.531000 ms)

AssetImportParameters requested are different than current active one (requested -> active):
  custom:video-decoder-ogg-theora: a1e56fd34408186e4bbccfd4996cb3dc -> 
  custom:container-muxer-webm: aa71ff27fc2769a1b78a27578f13a17b -> 
  custom:container-demuxer-webm: 4f35f7cbe854078d1ac9338744f61a02 -> 
  custom:video-encoder-webm-vp8: eb34c28f22e8b96e1ab97ce403110664 -> 
  custom:video-codec-MediaFoundation-h265: 746d11721c4dcdbdad8f713fa42b33f4 -> 
  custom:audio-encoder-webm-vorbis: bf7c407c2cedff20999df2af8eb42d56 -> 
  custom:framework-win-MediaFoundation: 216162199b28c13a410421893ffa2e32 -> 
  custom:container-demuxer-ogg: 62fdf1f143b41e24485cea50d1cbac27 -> 
  custom:video-decoder-webm-vp8: 9c59270c3fd7afecdb556c50c9e8de78 -> 
  custom:audio-decoder-ogg-vorbis: bf7c407c2cedff20999df2af8eb42d56 -> 
========================================================================
Received Import Request.
  Time since last request: 2198914.027966 seconds.
  path: Assets/Icon.png
  artifactKey: Guid(e87e073a1fe38d243a9d337a153c2f2b) Importer(815301076,1909f56bfc062723c751e8b465ee728b)
Start importing Assets/Icon.png using Guid(e87e073a1fe38d243a9d337a153c2f2b) Importer(815301076,1909f56bfc062723c751e8b465ee728b)  -> (artifact id: '6bbf95cbe41a8b9f5e77305958fc438d') in 0.426734 seconds 
========================================================================
Received Import Request.
  Time since last request: 0.000082 seconds.
  path: Assets/WhatsApp Image 2023-05-15 at 6.32.12 PM.jpeg
  artifactKey: Guid(89ac5cf6557b346489ba0939994b522d) Importer(815301076,1909f56bfc062723c751e8b465ee728b)
Start importing Assets/WhatsApp Image 2023-05-15 at 6.32.12 PM.jpeg using Guid(89ac5cf6557b346489ba0939994b522d) Importer(815301076,1909f56bfc062723c751e8b465ee728b)  -> (artifact id: '3a93babf15f288d87fba14e91f59cc43') in 0.059545 seconds 
========================================================================
Received Import Request.
  Time since last request: 254.172989 seconds.
  path: Assets/Editor/Vuforia/ImageTargetTextures/VuforiaMars_Images/Drone_scaled.jpg
  artifactKey: Guid(3b3cf30ab7479fc45a6362fc4cb5e995) Importer(815301076,1909f56bfc062723c751e8b465ee728b)
Start importing Assets/Editor/Vuforia/ImageTargetTextures/VuforiaMars_Images/Drone_scaled.jpg using Guid(3b3cf30ab7479fc45a6362fc4cb5e995) Importer(815301076,1909f56bfc062723c751e8b465ee728b)  -> (artifact id: '1941b400af47ffef1f81116419a86f5c') in 0.166408 seconds 
========================================================================
Received Import Request.
  Time since last request: 0.000053 seconds.
  path: Assets/Editor/Vuforia/ImageTargetTextures/VuforiaMars_Images/MarsBox.Right_scaled.jpg
  artifactKey: Guid(a39240edce7bd3940867ccf14ba4270b) Importer(815301076,1909f56bfc062723c751e8b465ee728b)
Start importing Assets/Editor/Vuforia/ImageTargetTextures/VuforiaMars_Images/MarsBox.Right_scaled.jpg using Guid(a39240edce7bd3940867ccf14ba4270b) Importer(815301076,1909f56bfc062723c751e8b465ee728b)  -> (artifact id: '15d0818d847d16908c52b5082829b495') in 0.052233 seconds 
========================================================================
Received Import Request.
  Time since last request: 0.000079 seconds.
  path: Assets/Editor/Vuforia/ImageTargetTextures/VuforiaMars_Images/Oxygen_scaled.jpg
  artifactKey: Guid(cc6daa766aade3b4cbaeeac788249a2e) Importer(815301076,1909f56bfc062723c751e8b465ee728b)
Start importing Assets/Editor/Vuforia/ImageTargetTextures/VuforiaMars_Images/Oxygen_scaled.jpg using Guid(cc6daa766aade3b4cbaeeac788249a2e) Importer(815301076,1909f56bfc062723c751e8b465ee728b)  -> (artifact id: '13e6fe9891457a8271fa80e5d6191bf0') in 0.097721 seconds 
========================================================================
Received Import Request.
  Time since last request: 0.000060 seconds.
  path: Assets/Editor/Vuforia/ImageTargetTextures/VuforiaMars_Images/MarsBox.Back_scaled.jpg
  artifactKey: Guid(cd759bcce9643934392e470cd9d0d179) Importer(815301076,1909f56bfc062723c751e8b465ee728b)
Start importing Assets/Editor/Vuforia/ImageTargetTextures/VuforiaMars_Images/MarsBox.Back_scaled.jpg using Guid(cd759bcce9643934392e470cd9d0d179) Importer(815301076,1909f56bfc062723c751e8b465ee728b)  -> (artifact id: '8ea439295c145c398080f99cc212051e') in 0.064087 seconds 
========================================================================
Received Import Request.
  Time since last request: 0.000116 seconds.
  path: Assets/Editor/Vuforia/ImageTargetTextures/VuforiaMars_Images/Fissure_scaled.jpg
  artifactKey: Guid(a35a2d04e4ca5f643a173fb3a98d5fd1) Importer(815301076,1909f56bfc062723c751e8b465ee728b)
Start importing Assets/Editor/Vuforia/ImageTargetTextures/VuforiaMars_Images/Fissure_scaled.jpg using Guid(a35a2d04e4ca5f643a173fb3a98d5fd1) Importer(815301076,1909f56bfc062723c751e8b465ee728b)  -> (artifact id: '459f582b22890672329a1d5842ee543f') in 0.060906 seconds 
Editor requested this worker to shutdown with reason: Scaling down because of idle timeout
AssetImportWorker is now disconnected from the server
Process exiting
Exiting without the bug reporter. Application will terminate with return code 0