Using pre-set license
Built from '2021.3/staging' branch; Version is '2021.3.21f1 (1b156197d683) revision 1774945'; Using compiler version '192829333'; Build Type 'Release'
OS: 'Windows 11  (10.0.22621) 64bit Professional' Language: 'es' Physical Memory: 16301 MB
BatchMode: 1, IsHumanControllingUs: 0, StartBugReporterOnCrash: 0, Is64bit: 1, IsPro: 1

COMMAND LINE ARGUMENTS:
C:\Program Files\Unity\Hub\Editor\2021.3.21f1\Editor\Unity.exe
-adb2
-batchMode
-noUpm
-name
AssetImportWorker0
-projectPath
C:/Users/desbl/Desktop/Green Nexus/Green Nexus
-logFile
Logs/AssetImportWorker0.log
-srvPort
56138
Successfully changed project path to: C:/Users/desbl/Desktop/Green Nexus/Green Nexus
C:/Users/desbl/Desktop/Green Nexus/Green Nexus
[UnityMemory] Configuration Parameters - Can be set up in boot.config
    "memorysetup-bucket-allocator-granularity=16"
    "memorysetup-bucket-allocator-bucket-count=8"
    "memorysetup-bucket-allocator-block-size=33554432"
    "memorysetup-bucket-allocator-block-count=8"
    "memorysetup-main-allocator-block-size=16777216"
    "memorysetup-thread-allocator-block-size=16777216"
    "memorysetup-gfx-main-allocator-block-size=16777216"
    "memorysetup-gfx-thread-allocator-block-size=16777216"
    "memorysetup-cache-allocator-block-size=4194304"
    "memorysetup-typetree-allocator-block-size=2097152"
    "memorysetup-profiler-bucket-allocator-granularity=16"
    "memorysetup-profiler-bucket-allocator-bucket-count=8"
    "memorysetup-profiler-bucket-allocator-block-size=33554432"
    "memorysetup-profiler-bucket-allocator-block-count=8"
    "memorysetup-profiler-allocator-block-size=16777216"
    "memorysetup-profiler-editor-allocator-block-size=1048576"
    "memorysetup-temp-allocator-size-main=16777216"
    "memorysetup-job-temp-allocator-block-size=2097152"
    "memorysetup-job-temp-allocator-block-size-background=1048576"
    "memorysetup-job-temp-allocator-reduction-small-platforms=262144"
    "memorysetup-temp-allocator-size-background-worker=32768"
    "memorysetup-temp-allocator-size-job-worker=262144"
    "memorysetup-temp-allocator-size-preload-manager=33554432"
    "memorysetup-temp-allocator-size-nav-mesh-worker=65536"
    "memorysetup-temp-allocator-size-audio-worker=65536"
    "memorysetup-temp-allocator-size-cloud-worker=32768"
    "memorysetup-temp-allocator-size-gi-baking-worker=262144"
    "memorysetup-temp-allocator-size-gfx=262144"
Player connection [21084] Host "[IP] 192.168.56.1 [Port] 0 [Flags] 2 [Guid] 1891752767 [EditorId] 1891752767 [Version] 1048832 [Id] WindowsEditor(7,DESKTOP-FGEFCGI) [Debug] 1 [PackageName] WindowsEditor [ProjectName] Editor" joined multi-casting on [225.0.0.222:54997]...

Player connection [21084] Host "[IP] 192.168.56.1 [Port] 0 [Flags] 2 [Guid] 1891752767 [EditorId] 1891752767 [Version] 1048832 [Id] WindowsEditor(7,DESKTOP-FGEFCGI) [Debug] 1 [PackageName] WindowsEditor [ProjectName] Editor" joined alternative multi-casting on [225.0.0.222:34997]...

Refreshing native plugins compatible for Editor in 488.37 ms, found 6 plugins.
Preloading 2 native plugins for Editor in 19.99 ms.
Initialize engine version: 2021.3.21f1 (1b156197d683)
[Subsystems] Discovering subsystems at path C:/Program Files/Unity/Hub/Editor/2021.3.21f1/Editor/Data/Resources/UnitySubsystems
[Subsystems] Discovering subsystems at path C:/Users/desbl/Desktop/Green Nexus/Green Nexus/Assets
GfxDevice: creating device client; threaded=0; jobified=0
Direct3D:
    Version:  Direct3D 11.0 [level 11.1]
    Renderer: Intel(R) UHD Graphics 620 (ID=0x5917)
    Vendor:   Intel
    VRAM:     8150 MB
    Driver:   30.0.101.1340
Initialize mono
Mono path[0] = 'C:/Program Files/Unity/Hub/Editor/2021.3.21f1/Editor/Data/Managed'
Mono path[1] = 'C:/Program Files/Unity/Hub/Editor/2021.3.21f1/Editor/Data/MonoBleedingEdge/lib/mono/unityjit-win32'
Mono config path = 'C:/Program Files/Unity/Hub/Editor/2021.3.21f1/Editor/Data/MonoBleedingEdge/etc'
Using monoOptions --debugger-agent=transport=dt_socket,embedding=1,server=y,suspend=n,address=127.0.0.1:56832
Begin MonoManager ReloadAssembly
Registering precompiled unity dll's ...
Register platform support module: C:/Program Files/Unity/Hub/Editor/2021.3.21f1/Editor/Data/PlaybackEngines/WebGLSupport/UnityEditor.WebGL.Extensions.dll
Register platform support module: C:/Program Files/Unity/Hub/Editor/2021.3.21f1/Editor/Data/PlaybackEngines/AndroidPlayer/UnityEditor.Android.Extensions.dll
Register platform support module: C:/Program Files/Unity/Hub/Editor/2021.3.21f1/Editor/Data/PlaybackEngines/WindowsStandaloneSupport/UnityEditor.WindowsStandalone.Extensions.dll
Registered in 0.034939 seconds.
Native extension for WindowsStandalone target not found
Native extension for Android target not found
Android Extension - Scanning For ADB Devices 1597 ms
Native extension for WebGL target not found
Refreshing native plugins compatible for Editor in 432.97 ms, found 6 plugins.
Preloading 2 native plugins for Editor in 0.71 ms.
Mono: successfully reloaded assembly
- Completed reload, in  6.383 seconds
Domain Reload Profiling:
	ReloadAssembly (6385ms)
		BeginReloadAssembly (901ms)
			ExecutionOrderSort (0ms)
			DisableScriptedObjects (0ms)
			BackupInstance (0ms)
			ReleaseScriptingObjects (0ms)
			CreateAndSetChildDomain (26ms)
		EndReloadAssembly (4804ms)
			LoadAssemblies (853ms)
			RebuildTransferFunctionScriptingTraits (0ms)
			SetupTypeCache (712ms)
			ReleaseScriptCaches (0ms)
			RebuildScriptCaches (278ms)
			SetupLoadedEditorAssemblies (3259ms)
				LogAssemblyErrors (0ms)
				InitializePlatformSupportModulesInManaged (2044ms)
				SetLoadedEditorAssemblies (1ms)
				RefreshPlugins (434ms)
				BeforeProcessingInitializeOnLoad (6ms)
				ProcessInitializeOnLoadAttributes (541ms)
				ProcessInitializeOnLoadMethodAttributes (231ms)
				AfterProcessingInitializeOnLoad (0ms)
				EditorAssembliesLoaded (2ms)
			ExecutionOrderSort2 (0ms)
			AwakeInstancesAfterBackupRestoration (0ms)
Platform modules already initialized, skipping
Registering precompiled user dll's ...
Registered in 0.052526 seconds.
Begin MonoManager ReloadAssembly
Native extension for WindowsStandalone target not found
Native extension for Android target not found
Native extension for WebGL target not found
Refreshing native plugins compatible for Editor in 3.81 ms, found 6 plugins.
Preloading 2 native plugins for Editor in 0.47 ms.
Mono: successfully reloaded assembly
- Completed reload, in  5.008 seconds
Domain Reload Profiling:
	ReloadAssembly (5012ms)
		BeginReloadAssembly (625ms)
			ExecutionOrderSort (0ms)
			DisableScriptedObjects (20ms)
			BackupInstance (0ms)
			ReleaseScriptingObjects (1ms)
			CreateAndSetChildDomain (181ms)
		EndReloadAssembly (3792ms)
			LoadAssemblies (440ms)
			RebuildTransferFunctionScriptingTraits (0ms)
			SetupTypeCache (1395ms)
			ReleaseScriptCaches (2ms)
			RebuildScriptCaches (282ms)
			SetupLoadedEditorAssemblies (1564ms)
				LogAssemblyErrors (0ms)
				InitializePlatformSupportModulesInManaged (93ms)
				SetLoadedEditorAssemblies (2ms)
				RefreshPlugins (5ms)
				BeforeProcessingInitializeOnLoad (341ms)
				ProcessInitializeOnLoadAttributes (1029ms)
				ProcessInitializeOnLoadMethodAttributes (74ms)
				AfterProcessingInitializeOnLoad (19ms)
				EditorAssembliesLoaded (1ms)
			ExecutionOrderSort2 (0ms)
			AwakeInstancesAfterBackupRestoration (24ms)
Platform modules already initialized, skipping
========================================================================
Worker process is ready to serve import requests
Launched and connected shader compiler UnityShaderCompiler.exe after 0.18 seconds
Refreshing native plugins compatible for Editor in 2.45 ms, found 6 plugins.
Preloading 2 native plugins for Editor in 0.25 ms.
Unloading 3030 Unused Serialized files (Serialized files now loaded: 0)
Unloading 44 unused Assets / (66.9 KB). Loaded Objects now: 3792.
Memory consumption went from 112.9 MB to 112.8 MB.
Total: 13.264800 ms (FindLiveObjects: 1.365300 ms CreateObjectMapping: 1.589500 ms MarkObjects: 9.997700 ms  DeleteObjects: 0.306100 ms)

AssetImportParameters requested are different than current active one (requested -> active):
  custom:video-decoder-ogg-theora: a1e56fd34408186e4bbccfd4996cb3dc -> 
  custom:container-muxer-webm: aa71ff27fc2769a1b78a27578f13a17b -> 
  custom:container-demuxer-webm: 4f35f7cbe854078d1ac9338744f61a02 -> 
  custom:video-encoder-webm-vp8: eb34c28f22e8b96e1ab97ce403110664 -> 
  custom:video-codec-MediaFoundation-h265: 746d11721c4dcdbdad8f713fa42b33f4 -> 
  custom:audio-encoder-webm-vorbis: bf7c407c2cedff20999df2af8eb42d56 -> 
  custom:framework-win-MediaFoundation: 216162199b28c13a410421893ffa2e32 -> 
  custom:container-demuxer-ogg: 62fdf1f143b41e24485cea50d1cbac27 -> 
  custom:video-decoder-webm-vp8: 9c59270c3fd7afecdb556c50c9e8de78 -> 
  custom:audio-decoder-ogg-vorbis: bf7c407c2cedff20999df2af8eb42d56 -> 
========================================================================
Received Import Request.
  Time since last request: 2198913.946447 seconds.
  path: Assets/Interfaz3.png
  artifactKey: Guid(ec2ac28b81ddc9049b79cb4247c0da6a) Importer(815301076,1909f56bfc062723c751e8b465ee728b)
Start importing Assets/Interfaz3.png using Guid(ec2ac28b81ddc9049b79cb4247c0da6a) Importer(815301076,1909f56bfc062723c751e8b465ee728b)  -> (artifact id: '589c7c14bbcce19ce7076c93865b260c') in 0.509437 seconds 
========================================================================
Received Import Request.
  Time since last request: 198.502750 seconds.
  path: Assets/Scenes/WhatsApp Image 2023-05-15 at 6.32.12 PM.jpeg
  artifactKey: Guid(799a743ddda5b9147b1a13eeba5028d1) Importer(815301076,1909f56bfc062723c751e8b465ee728b)
Start importing Assets/Scenes/WhatsApp Image 2023-05-15 at 6.32.12 PM.jpeg using Guid(799a743ddda5b9147b1a13eeba5028d1) Importer(815301076,1909f56bfc062723c751e8b465ee728b)  -> (artifact id: 'f0076b841e90ec5c1b20c8c38f30c96c') in 0.086676 seconds 
========================================================================
Received Import Request.
  Time since last request: 2.685817 seconds.
  path: Assets/Scenes/Acerda de.unity
  artifactKey: Guid(b3d5f848fabf05c4faa2c057876b298d) Importer(815301076,1909f56bfc062723c751e8b465ee728b)
Start importing Assets/Scenes/Acerda de.unity using Guid(b3d5f848fabf05c4faa2c057876b298d) Importer(815301076,1909f56bfc062723c751e8b465ee728b)  -> (artifact id: '052a55f2fb886fdd4dd4ea794632014d') in 0.013933 seconds 
========================================================================
Received Import Request.
  Time since last request: 6.680121 seconds.
  path: Assets/Scenes/SampleScene.unity
  artifactKey: Guid(9fc0d4010bbf28b4594072e72b8655ab) Importer(815301076,1909f56bfc062723c751e8b465ee728b)
Start importing Assets/Scenes/SampleScene.unity using Guid(9fc0d4010bbf28b4594072e72b8655ab) Importer(815301076,1909f56bfc062723c751e8b465ee728b)  -> (artifact id: '587d4fa7c0f157f3d61814ea4d7eae36') in 0.025493 seconds 
========================================================================
Received Import Request.
  Time since last request: 35.699336 seconds.
  path: Assets/Editor/Vuforia
  artifactKey: Guid(3b318b5996063a14d95c24c308870509) Importer(815301076,1909f56bfc062723c751e8b465ee728b)
Start importing Assets/Editor/Vuforia using Guid(3b318b5996063a14d95c24c308870509) Importer(815301076,1909f56bfc062723c751e8b465ee728b)  -> (artifact id: 'ae73cb4231c8b5991dcf7f500867651b') in 0.043671 seconds 
========================================================================
Received Import Request.
  Time since last request: 1.171186 seconds.
  path: Assets/Editor/Vuforia/ImageTargetTextures
  artifactKey: Guid(6de677bb34a9d444abcbc1265b6475ff) Importer(815301076,1909f56bfc062723c751e8b465ee728b)
Start importing Assets/Editor/Vuforia/ImageTargetTextures using Guid(6de677bb34a9d444abcbc1265b6475ff) Importer(815301076,1909f56bfc062723c751e8b465ee728b)  -> (artifact id: '07df2dd9e26469df77bfadb57cb9d8df') in 0.022042 seconds 
========================================================================
Received Import Request.
  Time since last request: 4.100419 seconds.
  path: Assets/Editor/Vuforia/ImageTargetTextures/VuforiaEmulator
  artifactKey: Guid(c60fde2f6d3ec6249bf8090fdb0995e8) Importer(815301076,1909f56bfc062723c751e8b465ee728b)
Start importing Assets/Editor/Vuforia/ImageTargetTextures/VuforiaEmulator using Guid(c60fde2f6d3ec6249bf8090fdb0995e8) Importer(815301076,1909f56bfc062723c751e8b465ee728b)  -> (artifact id: '1741c79a6556bb205c8d036d9eb21ea4') in 0.027350 seconds 
========================================================================
Received Import Request.
  Time since last request: 0.014965 seconds.
  path: Assets/Editor/Vuforia/ImageTargetTextures/VuforiaEmulator/emulator_ground_plane_scaled.jpg
  artifactKey: Guid(d28f7a8a9b3dfff44bb6faf80929212b) Importer(815301076,1909f56bfc062723c751e8b465ee728b)
Start importing Assets/Editor/Vuforia/ImageTargetTextures/VuforiaEmulator/emulator_ground_plane_scaled.jpg using Guid(d28f7a8a9b3dfff44bb6faf80929212b) Importer(815301076,1909f56bfc062723c751e8b465ee728b)  -> (artifact id: '08f4b1d01e3030118eaa60377307cc64') in 0.068906 seconds 
========================================================================
Received Import Request.
  Time since last request: 4.976483 seconds.
  path: Assets/Editor/Vuforia/ImageTargetTextures/VuforiaMars_Images/Astronaut_scaled.jpg
  artifactKey: Guid(77fb44a366db5cb41b8c06649271f8e6) Importer(815301076,1909f56bfc062723c751e8b465ee728b)
Start importing Assets/Editor/Vuforia/ImageTargetTextures/VuforiaMars_Images/Astronaut_scaled.jpg using Guid(77fb44a366db5cb41b8c06649271f8e6) Importer(815301076,1909f56bfc062723c751e8b465ee728b)  -> (artifact id: '5f6d4b17826656e449c2982b29a17d34') in 0.144307 seconds 
========================================================================
Received Import Request.
  Time since last request: 0.000202 seconds.
  path: Assets/Editor/Vuforia/ImageTargetTextures/VuforiaMars_Images/MarsBox.Left_scaled.jpg
  artifactKey: Guid(4381073313ab7ea4f905979151a55156) Importer(815301076,1909f56bfc062723c751e8b465ee728b)
Start importing Assets/Editor/Vuforia/ImageTargetTextures/VuforiaMars_Images/MarsBox.Left_scaled.jpg using Guid(4381073313ab7ea4f905979151a55156) Importer(815301076,1909f56bfc062723c751e8b465ee728b)  -> (artifact id: '3b1d6388c5947713b6a6dab5d9937d78') in 0.044738 seconds 
========================================================================
Received Import Request.
  Time since last request: 0.000201 seconds.
  path: Assets/Editor/Vuforia/ImageTargetTextures/VuforiaMars_Images/MarsBox.Front_scaled.jpg
  artifactKey: Guid(d66032d25cff61c4585c2f395d4f6a3c) Importer(815301076,1909f56bfc062723c751e8b465ee728b)
Start importing Assets/Editor/Vuforia/ImageTargetTextures/VuforiaMars_Images/MarsBox.Front_scaled.jpg using Guid(d66032d25cff61c4585c2f395d4f6a3c) Importer(815301076,1909f56bfc062723c751e8b465ee728b)  -> (artifact id: 'ec06ef2d3cc228b02d4eb0535a5bf990') in 0.126290 seconds 
========================================================================
Received Import Request.
  Time since last request: 0.000042 seconds.
  path: Assets/Editor/Vuforia/ImageTargetTextures/VuforiaMars_Images/MarsBox.Bottom_scaled.jpg
  artifactKey: Guid(33aedae9989557c4298ce94822d5745e) Importer(815301076,1909f56bfc062723c751e8b465ee728b)
Start importing Assets/Editor/Vuforia/ImageTargetTextures/VuforiaMars_Images/MarsBox.Bottom_scaled.jpg using Guid(33aedae9989557c4298ce94822d5745e) Importer(815301076,1909f56bfc062723c751e8b465ee728b)  -> (artifact id: '80682551435ad0f4445b3731e9365f29') in 0.065237 seconds 
========================================================================
Received Import Request.
  Time since last request: 0.000103 seconds.
  path: Assets/Editor/Vuforia/ImageTargetTextures/VuforiaMars_Images/MarsBox.Top_scaled.jpg
  artifactKey: Guid(2feb120d7f5872f499dfed51deb3d666) Importer(815301076,1909f56bfc062723c751e8b465ee728b)
Start importing Assets/Editor/Vuforia/ImageTargetTextures/VuforiaMars_Images/MarsBox.Top_scaled.jpg using Guid(2feb120d7f5872f499dfed51deb3d666) Importer(815301076,1909f56bfc062723c751e8b465ee728b)  -> (artifact id: '3dece1a1e524951f1176758d62003fe6') in 0.052569 seconds 
========================================================================
Received Import Request.
  Time since last request: 10.104605 seconds.
  path: Assets/Editor/Vuforia/ImageTargetTextures/GreenNexus/ar_marker_scaled.jpg
  artifactKey: Guid(3379befa7b174959b8d4d4df17399690) Importer(815301076,1909f56bfc062723c751e8b465ee728b)
Start importing Assets/Editor/Vuforia/ImageTargetTextures/GreenNexus/ar_marker_scaled.jpg using Guid(3379befa7b174959b8d4d4df17399690) Importer(815301076,1909f56bfc062723c751e8b465ee728b)  -> (artifact id: '7e71f600fdb02a0fe05c3a0696ba73d9') in 0.082719 seconds 
========================================================================
Received Prepare
Registering precompiled user dll's ...
Registered in 0.013521 seconds.
Begin MonoManager ReloadAssembly
Native extension for WindowsStandalone target not found
Native extension for Android target not found
Native extension for WebGL target not found
Refreshing native plugins compatible for Editor in 1.84 ms, found 6 plugins.
Preloading 2 native plugins for Editor in 0.23 ms.
Mono: successfully reloaded assembly
- Completed reload, in  2.205 seconds
Domain Reload Profiling:
	ReloadAssembly (2207ms)
		BeginReloadAssembly (284ms)
			ExecutionOrderSort (0ms)
			DisableScriptedObjects (15ms)
			BackupInstance (0ms)
			ReleaseScriptingObjects (0ms)
			CreateAndSetChildDomain (73ms)
		EndReloadAssembly (1729ms)
			LoadAssemblies (193ms)
			RebuildTransferFunctionScriptingTraits (0ms)
			SetupTypeCache (670ms)
			ReleaseScriptCaches (2ms)
			RebuildScriptCaches (107ms)
			SetupLoadedEditorAssemblies (650ms)
				LogAssemblyErrors (0ms)
				InitializePlatformSupportModulesInManaged (49ms)
				SetLoadedEditorAssemblies (1ms)
				RefreshPlugins (2ms)
				BeforeProcessingInitializeOnLoad (114ms)
				ProcessInitializeOnLoadAttributes (419ms)
				ProcessInitializeOnLoadMethodAttributes (51ms)
				AfterProcessingInitializeOnLoad (13ms)
				EditorAssembliesLoaded (0ms)
			ExecutionOrderSort2 (0ms)
			AwakeInstancesAfterBackupRestoration (15ms)
Platform modules already initialized, skipping
Refreshing native plugins compatible for Editor in 10.05 ms, found 6 plugins.
Preloading 2 native plugins for Editor in 0.20 ms.
Unloading 2995 Unused Serialized files (Serialized files now loaded: 0)
Unloading 37 unused Assets / (35.1 KB). Loaded Objects now: 3800.
Memory consumption went from 109.8 MB to 109.8 MB.
Total: 5.837700 ms (FindLiveObjects: 0.448500 ms CreateObjectMapping: 0.539600 ms MarkObjects: 4.797800 ms  DeleteObjects: 0.049300 ms)

AssetImportParameters requested are different than current active one (requested -> active):
  custom:video-decoder-ogg-theora: a1e56fd34408186e4bbccfd4996cb3dc -> 
  custom:container-muxer-webm: aa71ff27fc2769a1b78a27578f13a17b -> 
  custom:container-demuxer-webm: 4f35f7cbe854078d1ac9338744f61a02 -> 
  custom:video-encoder-webm-vp8: eb34c28f22e8b96e1ab97ce403110664 -> 
  custom:video-codec-MediaFoundation-h265: 746d11721c4dcdbdad8f713fa42b33f4 -> 
  custom:audio-encoder-webm-vorbis: bf7c407c2cedff20999df2af8eb42d56 -> 
  custom:framework-win-MediaFoundation: 216162199b28c13a410421893ffa2e32 -> 
  custom:container-demuxer-ogg: 62fdf1f143b41e24485cea50d1cbac27 -> 
  custom:video-decoder-webm-vp8: 9c59270c3fd7afecdb556c50c9e8de78 -> 
  custom:audio-decoder-ogg-vorbis: bf7c407c2cedff20999df2af8eb42d56 -> 
========================================================================
Received Prepare
Registering precompiled user dll's ...
Registered in 0.013258 seconds.
Begin MonoManager ReloadAssembly
Native extension for WindowsStandalone target not found
Native extension for Android target not found
Native extension for WebGL target not found
Refreshing native plugins compatible for Editor in 0.99 ms, found 6 plugins.
Preloading 2 native plugins for Editor in 0.18 ms.
Mono: successfully reloaded assembly
- Completed reload, in  2.117 seconds
Domain Reload Profiling:
	ReloadAssembly (2119ms)
		BeginReloadAssembly (267ms)
			ExecutionOrderSort (0ms)
			DisableScriptedObjects (11ms)
			BackupInstance (0ms)
			ReleaseScriptingObjects (0ms)
			CreateAndSetChildDomain (66ms)
		EndReloadAssembly (1643ms)
			LoadAssemblies (182ms)
			RebuildTransferFunctionScriptingTraits (0ms)
			SetupTypeCache (595ms)
			ReleaseScriptCaches (2ms)
			RebuildScriptCaches (84ms)
			SetupLoadedEditorAssemblies (698ms)
				LogAssemblyErrors (0ms)
				InitializePlatformSupportModulesInManaged (38ms)
				SetLoadedEditorAssemblies (1ms)
				RefreshPlugins (1ms)
				BeforeProcessingInitializeOnLoad (115ms)
				ProcessInitializeOnLoadAttributes (454ms)
				ProcessInitializeOnLoadMethodAttributes (68ms)
				AfterProcessingInitializeOnLoad (20ms)
				EditorAssembliesLoaded (0ms)
			ExecutionOrderSort2 (0ms)
			AwakeInstancesAfterBackupRestoration (18ms)
Platform modules already initialized, skipping
Refreshing native plugins compatible for Editor in 9.38 ms, found 6 plugins.
Preloading 2 native plugins for Editor in 0.18 ms.
Unloading 2995 Unused Serialized files (Serialized files now loaded: 0)
Unloading 37 unused Assets / (35.0 KB). Loaded Objects now: 3803.
Memory consumption went from 109.8 MB to 109.8 MB.
Total: 13.107000 ms (FindLiveObjects: 0.802900 ms CreateObjectMapping: 2.697500 ms MarkObjects: 9.539800 ms  DeleteObjects: 0.064400 ms)

AssetImportParameters requested are different than current active one (requested -> active):
  custom:video-decoder-ogg-theora: a1e56fd34408186e4bbccfd4996cb3dc -> 
  custom:container-muxer-webm: aa71ff27fc2769a1b78a27578f13a17b -> 
  custom:container-demuxer-webm: 4f35f7cbe854078d1ac9338744f61a02 -> 
  custom:video-encoder-webm-vp8: eb34c28f22e8b96e1ab97ce403110664 -> 
  custom:video-codec-MediaFoundation-h265: 746d11721c4dcdbdad8f713fa42b33f4 -> 
  custom:audio-encoder-webm-vorbis: bf7c407c2cedff20999df2af8eb42d56 -> 
  custom:framework-win-MediaFoundation: 216162199b28c13a410421893ffa2e32 -> 
  custom:container-demuxer-ogg: 62fdf1f143b41e24485cea50d1cbac27 -> 
  custom:video-decoder-webm-vp8: 9c59270c3fd7afecdb556c50c9e8de78 -> 
  custom:audio-decoder-ogg-vorbis: bf7c407c2cedff20999df2af8eb42d56 -> 
